\BOOKMARK [1][-]{section.1}{Introduction}{}% 1
\BOOKMARK [1][-]{section.2}{Background}{}% 2
\BOOKMARK [2][-]{subsection.2.1}{Machine Learning}{section.2}% 3
\BOOKMARK [2][-]{subsection.2.2}{Spaced Repetition}{section.2}% 4
\BOOKMARK [2][-]{subsection.2.3}{Similar Projects}{section.2}% 5
\BOOKMARK [1][-]{section.3}{Goals}{}% 6
\BOOKMARK [1][-]{section.4}{Design and Implementation}{}% 7
\BOOKMARK [2][-]{subsection.4.1}{Software Design}{section.4}% 8
\BOOKMARK [3][-]{subsubsection.4.1.1}{Requirements}{subsection.4.1}% 9
\BOOKMARK [3][-]{subsubsection.4.1.2}{Tools}{subsection.4.1}% 10
\BOOKMARK [3][-]{subsubsection.4.1.3}{Screen Mockups}{subsection.4.1}% 11
\BOOKMARK [3][-]{subsubsection.4.1.4}{Spaced Repetition Algorithm}{subsection.4.1}% 12
\BOOKMARK [3][-]{subsubsection.4.1.5}{Data storage, formatting and output}{subsection.4.1}% 13
\BOOKMARK [2][-]{subsection.4.2}{Ethical Clearance}{section.4}% 14
\BOOKMARK [3][-]{subsubsection.4.2.1}{Data Considerations}{subsection.4.2}% 15
\BOOKMARK [3][-]{subsubsection.4.2.2}{Application Details}{subsection.4.2}% 16
\BOOKMARK [1][-]{section.5}{Results}{}% 17
\BOOKMARK [2][-]{subsection.5.1}{Usage Statistics}{section.5}% 18
\BOOKMARK [3][-]{subsubsection.5.1.1}{Student Usage}{subsection.5.1}% 19
\BOOKMARK [3][-]{subsubsection.5.1.2}{Software Issues and Bugs}{subsection.5.1}% 20
\BOOKMARK [2][-]{subsection.5.2}{Prediction Accuracy}{section.5}% 21
\BOOKMARK [3][-]{subsubsection.5.2.1}{Principal Component Analysis}{subsection.5.2}% 22
\BOOKMARK [3][-]{subsubsection.5.2.2}{Neural Networks}{subsection.5.2}% 23
\BOOKMARK [1][-]{section.6}{Discussion}{}% 24
\BOOKMARK [2][-]{subsection.6.1}{Evaluation}{section.6}% 25
\BOOKMARK [2][-]{subsection.6.2}{Potential Future Work}{section.6}% 26
\BOOKMARK [1][-]{section.7}{Acknowledgments}{}% 27
